Der Buildvorgang wurde am 22.10.2018 20:15:13 gestartet.
     1>Projekt "T:\neuronal database\src\branches\0.1.1\odin.vcxproj" auf Knoten "2", Build Ziel(e).
     1>ClCompile:
         C:\Program Files (x86)\Microsoft Visual Studio 12.0\VC\bin\CL.exe /c /Zi /nologo /W3 /WX- /Od /Oy- /D WIN32 /D _DEBUG /D _UNICODE /D UNICODE /EHa /MDd /GS /fp:precise /Zc:wchar_t /Zc:forScope /Yc"stdafx.h" /Fp"Debug\odin.pch" /Fo"Debug\\" /Fd"Debug\vc120.pdb" /TP /analyze- /errorReport:prompt stdafx.cpp
         stdafx.cpp
         C:\Program Files (x86)\Microsoft Visual Studio 12.0\VC\bin\CL.exe /c /AI"C:\Program Files (x86)\Reference Assemblies\Microsoft\Framework\.NETFramework\v4.0" /AI"C:\Program Files (x86)\Windows Kits\8.1\References\CommonConfiguration\Neutral" /Zi /clr /nologo /W3 /WX- /Od /Oy- /D WIN32 /D _DEBUG /D _UNICODE /D UNICODE /EHa /MDd /GS /fp:precise /Zc:wchar_t /Zc:forScope /Fo"Debug\\" /Fd"Debug\vc120.pdb" /TP /FU"C:\Program Files (x86)\Reference Assemblies\Microsoft\Framework\.NETFramework\v4.0\mscorlib.dll" /FU"C:\Program Files (x86)\Reference Assemblies\Microsoft\Framework\.NETFramework\v4.0\System.Data.dll" /FU"C:\Program Files (x86)\Reference Assemblies\Microsoft\Framework\.NETFramework\v4.0\System.dll" /FU"C:\Program Files (x86)\Reference Assemblies\Microsoft\Framework\.NETFramework\v4.0\System.Drawing.dll" /FU"C:\Program Files (x86)\Reference Assemblies\Microsoft\Framework\.NETFramework\v4.0\System.Windows.Forms.dll" /FU"C:\Program Files (x86)\Reference Assemblies\Microsoft\Framework\.NETFramework\v4.0\System.Xml.dll" /analyze- /errorReport:prompt /clr:nostdlib AssemblyInfo.cpp Form1.cpp odin.cpp
         AssemblyInfo.cpp
     1>AssemblyInfo.cpp(40): warning C4947: "RequestMinimum": als veraltet markiert.
                 Meldung: "Assembly level declarative security is obsolete and is no longer enforced by the CLR by default. See http://go.microsoft.com/fwlink/?LinkID=155570 for more information."
         Form1.cpp
         odin.cpp
         Code wird generiert...
         C:\Program Files (x86)\Microsoft Visual Studio 12.0\VC\bin\CL.exe /c /Zi /nologo /W3 /WX- /Od /Oy- /D WIN32 /D _DEBUG /D _UNICODE /D UNICODE /EHa /MDd /GS /fp:precise /Zc:wchar_t /Zc:forScope /Fo"Debug\\" /Fd"Debug\vc120.pdb" /TP /analyze- /errorReport:prompt message_formats.cpp prozess10\ActivationQueue.cpp prozess10\Dendrite.cpp prozess10\globals.cpp prozess10\Layer.cpp prozess10\Neuron.cpp prozess10\RecoveryQueue.cpp prozess10\Sense.cpp
         message_formats.cpp
         ActivationQueue.cpp
         Dendrite.cpp
         globals.cpp
         Layer.cpp
         Neuron.cpp
     1>prozess10\Neuron.cpp(26): warning C4305: '=': Verkürzung von 'double' in 'float'
         RecoveryQueue.cpp
         Sense.cpp
         Code wird generiert...
         C:\Program Files (x86)\Microsoft Visual Studio 12.0\VC\bin\CL.exe /c /Zi /clr /nologo /W3 /WX- /Od /Oy- /D WIN32 /D _DEBUG /D _UNICODE /D UNICODE /EHa /MDd /GS /fp:precise /Zc:wchar_t /Zc:forScope /Fo"Debug\\" /Fd"Debug\vc120.pdb" /TP /analyze- /errorReport:prompt "C:\Users\christian.clas\AppData\Local\Temp\2\.NETFramework,Version=v4.0.AssemblyAttributes.cpp"
         .NETFramework,Version=v4.0.AssemblyAttributes.cpp
       ResourceCompile:
         C:\Program Files (x86)\Windows Kits\8.1\bin\x86\rc.exe /D _UNICODE /D UNICODE /l"0x0409" /nologo /fo"Debug\app.res" app.rc 
       Link:
         C:\Program Files (x86)\Microsoft Visual Studio 12.0\VC\bin\link.exe /ERRORREPORT:PROMPT /OUT:"T:\neuronal database\src\branches\0.1.1\Debug\odin.exe" /INCREMENTAL /NOLOGO /ASSEMBLYRESOURCE:Debug\srcnew1.Form1.resources /MANIFEST /MANIFESTUAC:"level='asInvoker' uiAccess='false'" /manifest:embed /DEBUG /PDB:"T:\neuronal database\src\branches\0.1.1\Debug\odin.pdb" /ASSEMBLYDEBUG /SUBSYSTEM:WINDOWS /TLBID:1 /ENTRY:"main" /DYNAMICBASE /FIXED:NO /NXCOMPAT /MACHINE:X86 /SAFESEH Debug\app.res
         Debug\AssemblyInfo.obj
         Debug\Form1.obj
         Debug\message_formats.obj
         Debug\odin.obj
         Debug\stdafx.obj
         Debug\ActivationQueue.obj
         Debug\Dendrite.obj
         Debug\globals.obj
         Debug\Layer.obj
         Debug\Neuron.obj
         Debug\RecoveryQueue.obj
         Debug\Sense.obj
         "Debug\.NETFramework,Version=v4.0.AssemblyAttributes.obj"
         odin.vcxproj -> T:\neuronal database\src\branches\0.1.1\Debug\odin.exe
     1>Die Erstellung des Projekts "T:\neuronal database\src\branches\0.1.1\odin.vcxproj" ist abgeschlossen, Build Ziel(e).

Build erfolgreich.

Verstrichene Zeit 00:00:10.66
