t:\odin\src\trunk\debug\odin.pch
t:\odin\src\trunk\debug\vc120.pdb
t:\odin\src\trunk\debug\stdafx.obj
t:\odin\src\trunk\debug\odin.obj
t:\odin\src\trunk\debug\form1.obj
t:\odin\src\trunk\debug\assemblyinfo.obj
t:\odin\src\trunk\debug\sense.obj
t:\odin\src\trunk\debug\recoveryqueue.obj
t:\odin\src\trunk\debug\neuron.obj
t:\odin\src\trunk\debug\layer.obj
t:\odin\src\trunk\debug\globals.obj
t:\odin\src\trunk\debug\dendrite.obj
t:\odin\src\trunk\debug\activationqueue.obj
t:\odin\src\trunk\debug\message_formats.obj
t:\odin\src\trunk\debug\.netframework,version=v4.0.assemblyattributes.obj
c:\daten\odin\trunk\debug\odin.pch
c:\daten\odin\trunk\debug\vc120.pdb
c:\daten\odin\trunk\debug\stdafx.obj
c:\daten\odin\trunk\debug\form1.obj
c:\daten\odin\trunk\debug\assemblyinfo.obj
c:\daten\odin\trunk\debug\odin.obj
c:\daten\odin\trunk\debug\sense.obj
c:\daten\odin\trunk\debug\recoveryqueue.obj
c:\daten\odin\trunk\debug\neuron.obj
c:\daten\odin\trunk\debug\layer.obj
c:\daten\odin\trunk\debug\globals.obj
c:\daten\odin\trunk\debug\dendrite.obj
c:\daten\odin\trunk\debug\activationqueue.obj
c:\daten\odin\trunk\debug\message_formats.obj
t:\odin\src\trunk\debug\odin.exe
t:\odin\src\trunk\debug\odin.pdb
c:\daten\odin\trunk\debug\odin.exe
c:\daten\odin\trunk\debug\odin.pdb
t:\odin\src\trunk\debug\srcnew1.form1.resources
c:\daten\odin\trunk\debug\srcnew1.form1.resources
t:\odin\src\trunk\debug\app.res
c:\daten\odin\trunk\debug\app.res
c:\daten\odin\trunk\debug\odin.vcxproj.generateresource.cache
c:\daten\odin\trunk\debug\odin.vcxprojresolveassemblyreference.cache
c:\daten\odin\trunk\debug\src-new-1.vcxprojresolveassemblyreference.cache
c:\daten\odin\trunk\debug\.netframework,version=v4.0.assemblyattributes.obj
c:\daten\odin\trunk\debug\odin.exe.metagen
c:\daten\odin\trunk\debug\odin.tlog\cl.command.1.tlog
c:\daten\odin\trunk\debug\odin.tlog\cl.read.1.tlog
c:\daten\odin\trunk\debug\odin.tlog\cl.write.1.tlog
c:\daten\odin\trunk\debug\odin.tlog\link.command.1.tlog
c:\daten\odin\trunk\debug\odin.tlog\link.read.1.tlog
c:\daten\odin\trunk\debug\odin.tlog\link.write.1.tlog
c:\daten\odin\trunk\debug\odin.tlog\metagen.read.1.tlog
c:\daten\odin\trunk\debug\odin.tlog\metagen.write.1.tlog
c:\daten\odin\trunk\debug\odin.tlog\odin.write.1u.tlog
c:\daten\odin\trunk\debug\odin.tlog\rc.command.1.tlog
c:\daten\odin\trunk\debug\odin.tlog\rc.read.1.tlog
c:\daten\odin\trunk\debug\odin.tlog\rc.write.1.tlog
c:\daten\odin\trunk\debug\odin.tlog\oleaccrc.dll.bi
c:\daten\odin\trunk\debug\odin.tlog\tzres.dll.bi
